<?xml version="1.0" encoding="UTF-8"?>
<testsuite xmlns:xsi="http://www.w3.org/2001/XMLSchema-instance" xsi:noNamespaceSchemaLocation="https://maven.apache.org/surefire/maven-surefire-plugin/xsd/surefire-test-report.xsd" name="com.larionov.epam.positive.TestPositiveCalculator" time="0" tests="12" errors="0" skipped="0" failures="0">
  <properties>
[...]
</properties>
  <testcase name="testMinus" classname="com.larionov.epam.positive.TestPositiveCalculator" time="0"/>
  <testcase name="testPlus" classname="com.larionov.epam.positive.TestPositiveCalculator" time="0"/>
  <testcase name="testFilingString" classname="com.larionov.epam.positive.TestPositiveCalculator" time="0"/>
  <testcase name="testOpenBracket" classname="com.larionov.epam.positive.TestPositiveCalculator" time="0"/>
  <testcase name="testCloseBracket" classname="com.larionov.epam.positive.TestPositiveCalculator" time="0"/>
  <testcase name="testTransferToRPN" classname="com.larionov.epam.positive.TestPositiveCalculator" time="0"/>
  <testcase name="testGetPriority" classname="com.larionov.epam.positive.TestPositiveCalculator" time="0"/>
  <testcase name="testIsNumber" classname="com.larionov.epam.positive.TestPositiveCalculator" time="0"/>
  <testcase name="testDivision" classname="com.larionov.epam.positive.TestPositiveCalculator" time="0"/>
  <testcase name="testMultiply" classname="com.larionov.epam.positive.TestPositiveCalculator" time="0"/>
  <testcase name="testNumber" classname="com.larionov.epam.positive.TestPositiveCalculator" time="0"/>
  <testcase name="testPriorityManager" classname="com.larionov.epam.positive.TestPositiveCalculator" time="0"/>
</testsuite>